#
# There is insufficient memory for the Java Runtime Environment to continue.
# Native memory allocation (malloc) failed to allocate 1048576 bytes for AllocateHeap
# Possible reasons:
#   The system is out of physical RAM or swap space
#   In 32 bit mode, the process size limit was hit
# Possible solutions:
#   Reduce memory load on the system
#   Increase physical memory or swap space
#   Check if swap backing store is full
#   Use 64 bit Java on a 64 bit OS
#   Decrease Java heap size (-Xmx/-Xms)
#   Decrease number of Java threads
#   Decrease Java thread stack sizes (-Xss)
#   Set larger code cache with -XX:ReservedCodeCacheSize=
# This output file may be truncated or incomplete.
#
#  Out of Memory Error (memory/allocation.inline.hpp:61), pid=5904, tid=0x0000000000002e14
#
# JRE version:  (8.0) (build )
# Java VM: OpenJDK 64-Bit Server VM (25.71-b00 mixed mode windows-amd64 compressed oops)
# Failed to write core dump. Minidumps are not enabled by default on client versions of Windows
#

---------------  T H R E A D  ---------------

Current thread (0x0000000002782800):  JavaThread "Unknown thread" [_thread_in_vm, id=11796, stack(0x0000000002680000,0x0000000002780000)]

Stack: [0x0000000002680000,0x0000000002780000]
[error occurred during error reporting (printing stack bounds), id 0xc0000005]

Native frames: (J=compiled Java code, j=interpreted, Vv=VM code, C=native code)


---------------  P R O C E S S  ---------------

Java Threads: ( => current thread )

Other Threads:

=>0x0000000002782800 (exited) JavaThread "Unknown thread" [_thread_in_vm, id=11796, stack(0x0000000002680000,0x0000000002780000)]

VM state:not at safepoint (normal execution)

VM Mutex/Monitor currently owned by a thread: None

Heap:
 PSYoungGen      total 37888K, used 655K [0x00000000d6000000, 0x00000000d8a00000, 0x0000000100000000)
  eden space 32768K, 2% used [0x00000000d6000000,0x00000000d60a3d80,0x00000000d8000000)
  from space 5120K, 0% used [0x00000000d8500000,0x00000000d8500000,0x00000000d8a00000)
  to   space 5120K, 0% used [0x00000000d8000000,0x00000000d8000000,0x00000000d8500000)
 ParOldGen       total 86016K, used 0K [0x0000000082000000, 0x0000000087400000, 0x00000000d6000000)
  object space 86016K, 0% used [0x0000000082000000,0x0000000082000000,0x0000000087400000)
 Metaspace       used 777K, capacity 4480K, committed 4480K, reserved 1056768K
  class space    used 74K, capacity 384K, committed 384K, reserved 1048576K

Card table byte_map: [0x0000000011c40000,0x0000000012040000] byte_map_base: 0x0000000011830000

Marking Bits: (ParMarkBitMap*) 0x000000007088be50
 Begin Bits: [0x0000000012ae0000, 0x0000000014a60000)
 End Bits:   [0x0000000014a60000, 0x00000000169e0000)

Polling page: 0x00000000025e0000

CodeCache: size=245760Kb used=328Kb max_used=328Kb free=245431Kb
 bounds [0x0000000002880000, 0x0000000002af0000, 0x0000000011880000]
 total_blobs=57 nmethods=0 adapters=38
 compilation: enabled

Compilation events (0 events):
No events

GC Heap History (0 events):
No events

Deoptimization events (0 events):
No events

Classes redefined (0 events):
No events

Internal exceptions (0 events):
No events

Events (10 events):
Event: 0.016 loading class java/lang/Short
Event: 0.016 loading class java/lang/Short done
Event: 0.016 loading class java/lang/Integer
Event: 0.016 loading class java/lang/Integer done
Event: 0.016 loading class java/lang/Long
Event: 0.016 loading class java/lang/Long done
Event: 0.017 loading class java/lang/NullPointerException
Event: 0.017 loading class java/lang/NullPointerException done
Event: 0.017 loading class java/lang/ArithmeticException
Event: 0.017 loading class java/lang/ArithmeticException done


Dynamic libraries:
0x00007ff655ba0000 - 0x00007ff655bd5000 	C:\Program Files\Unity\Hub\Editor\2020.3.25f1\Editor\Data\PlaybackEngines\AndroidPlayer\OpenJDK\bin\java.exe
0x00007ffe59c70000 - 0x00007ffe59e84000 	C:\WINDOWS\SYSTEM32\ntdll.dll
0x00007ffe594a0000 - 0x00007ffe59562000 	C:\WINDOWS\System32\KERNEL32.DLL
0x00007ffe57320000 - 0x00007ffe576bc000 	C:\WINDOWS\System32\KERNELBASE.dll
0x00007ffe59900000 - 0x00007ffe599ae000 	C:\WINDOWS\System32\ADVAPI32.dll
0x00007ffe59790000 - 0x00007ffe59837000 	C:\WINDOWS\System32\msvcrt.dll
0x00007ffe58590000 - 0x00007ffe58634000 	C:\WINDOWS\System32\sechost.dll
0x00007ffe58790000 - 0x00007ffe588a5000 	C:\WINDOWS\System32\RPCRT4.dll
0x00007ffe588b0000 - 0x00007ffe58a5a000 	C:\WINDOWS\System32\USER32.dll
0x00007ffe572f0000 - 0x00007ffe57316000 	C:\WINDOWS\System32\win32u.dll
0x00007ffe59a20000 - 0x00007ffe59a49000 	C:\WINDOWS\System32\GDI32.dll
0x00007ffe57830000 - 0x00007ffe57942000 	C:\WINDOWS\System32\gdi32full.dll
0x00007ffe571d0000 - 0x00007ffe5726a000 	C:\WINDOWS\System32\msvcp_win.dll
0x00007ffe57950000 - 0x00007ffe57a61000 	C:\WINDOWS\System32\ucrtbase.dll
0x00007ffe434a0000 - 0x00007ffe4372e000 	C:\WINDOWS\WinSxS\amd64_microsoft.windows.common-controls_6595b64144ccf1df_6.0.22621.608_none_a9444ca7c10bb01d\COMCTL32.dll
0x00007ffe58b80000 - 0x00007ffe58bb1000 	C:\WINDOWS\System32\IMM32.DLL
0x0000000070910000 - 0x00000000709e2000 	C:\Program Files\Unity\Hub\Editor\2020.3.25f1\Editor\Data\PlaybackEngines\AndroidPlayer\OpenJDK\jre\bin\msvcr100.dll
0x00000000700c0000 - 0x0000000070909000 	C:\Program Files\Unity\Hub\Editor\2020.3.25f1\Editor\Data\PlaybackEngines\AndroidPlayer\OpenJDK\jre\bin\server\jvm.dll
0x00007ffe58740000 - 0x00007ffe58748000 	C:\WINDOWS\System32\PSAPI.DLL
0x00007ffe4f330000 - 0x00007ffe4f33a000 	C:\WINDOWS\SYSTEM32\VERSION.dll
0x00007ffe50350000 - 0x00007ffe50384000 	C:\WINDOWS\SYSTEM32\WINMM.dll
0x00007ffe46cd0000 - 0x00007ffe46cd9000 	C:\WINDOWS\SYSTEM32\WSOCK32.dll
0x00007ffe59570000 - 0x00007ffe595e1000 	C:\WINDOWS\System32\WS2_32.dll
0x00007ffe517c0000 - 0x00007ffe517cf000 	C:\Program Files\Unity\Hub\Editor\2020.3.25f1\Editor\Data\PlaybackEngines\AndroidPlayer\OpenJDK\jre\bin\verify.dll
0x00007ffe37260000 - 0x00007ffe37289000 	C:\Program Files\Unity\Hub\Editor\2020.3.25f1\Editor\Data\PlaybackEngines\AndroidPlayer\OpenJDK\jre\bin\java.dll
0x00007ffe29130000 - 0x00007ffe29146000 	C:\Program Files\Unity\Hub\Editor\2020.3.25f1\Editor\Data\PlaybackEngines\AndroidPlayer\OpenJDK\jre\bin\zip.dll

VM Arguments:
jvm_args: -Dfile.encoding=UTF-8 
java_command: <unknown>
java_class_path (initial): .
Launcher Type: SUN_STANDARD

Environment Variables:
JAVA_HOME=C:\Program Files\Unity\Hub\Editor\2020.3.25f1\Editor\Data\PlaybackEngines\AndroidPlayer\OpenJDK
JAVA_TOOL_OPTIONS=-Dfile.encoding=UTF-8
PATH=C:\Program Files\Common Files\Oracle\Java\javapath;C:\WINDOWS\system32;C:\WINDOWS;C:\WINDOWS\System32\Wbem;C:\WINDOWS\System32\WindowsPowerShell\v1.0\;C:\WINDOWS\System32\OpenSSH\;C:\Program Files\Git\cmd;C:\Users\MARKO\AppData\Local\Microsoft\WindowsApps;;C:\Users\MARKO\AppData\Local\Programs\Microsoft VS Code\bin
USERNAME=MARKO
OS=Windows_NT
PROCESSOR_IDENTIFIER=Intel64 Family 6 Model 142 Stepping 10, GenuineIntel



---------------  S Y S T E M  ---------------

OS: Windows 10.0 , 64 bit Build 22621 (10.0.22621.608)

CPU:total 8 (initial active 8) (4 cores per cpu, 2 threads per core) family 6 model 142 stepping 10, cmov, cx8, fxsr, mmx, sse, sse2, sse3, ssse3, sse4.1, sse4.2, popcnt, avx, avx2, aes, clmul, erms, 3dnowpref, lzcnt, ht, tsc, tscinvbit, bmi1, bmi2, adx

Memory: 4k page, physical 8250008k(812132k free), swap 11395736k(5692k free)

vm_info: OpenJDK 64-Bit Server VM (25.71-b00) for windows-amd64 JRE (1.8.0-adoptopenjdk-_2018_05_19_00_59-b00), built on May 19 2018 01:02:12 by "jenkins" with MS VC++ 10.0 (VS2010)

time: Sun Oct 23 05:08:36 2022
elapsed time: 0 seconds (0d 0h 0m 0s)

